<?xml version="1.0" encoding="UTF-8"?>
<!-- Generated by org.testng.reporters.JUnitReportReporter -->
<testsuite hostname="LAPTOP-DEJ9FF1N" failures="0" tests="1" name="TestCases.RegisterUserTest" time="10.552" errors="0" timestamp="18 Dec 2023 07:01:55 GMT">
  <testcase classname="TestCases.RegisterUserTest" name="registerUser" time="10.552"/>
</testsuite> <!-- TestCases.RegisterUserTest -->
