<?xml version="1.0" encoding="UTF-8"?>
<!-- Generated by org.testng.reporters.JUnitReportReporter -->
<testsuite hostname="LAPTOP-DEJ9FF1N" failures="0" tests="1" name="TestCases.GetiphonePriceTest" time="4.324" errors="0" timestamp="18 Dec 2023 07:01:55 GMT">
  <testcase classname="TestCases.GetiphonePriceTest" name="getPrice" time="4.324"/>
</testsuite> <!-- TestCases.GetiphonePriceTest -->
